<?xml version="1.0" encoding="UTF-8"?>
<!-- Generated by org.testng.reporters.JUnitReportReporter -->
<testsuite hostname="Hp-PC" failures="0" tests="2" name="testPackage.HomePage" time="44.312" errors="0" timestamp="2021-06-03T23:28:33 IST" skipped="0">
  <testcase classname="testPackage.HomePage" name="basePage" time="37.823"/>
  <system-out/>
  <testcase classname="testPackage.HomePage" name="basePage" time="6.489"/>
  <system-out/>
</testsuite> <!-- testPackage.HomePage -->
